2026-03-02 20:52:11,689 - INFO - HTTP Request: POST http://127.0.0.1:11434/api/generate "HTTP/1.1 200 OK"
2026-03-02 20:52:11,693 - INFO - AI response: The "EN" part of the text indicates that it's a special kind of box that can hold some extra things inside, like pictures or other information. It's usually used to group together related words or phrases and make them look nice on a page.
2026-03-02 20:53:34,482 - INFO - HTTP Request: POST http://127.0.0.1:11434/api/generate "HTTP/1.1 200 OK"
2026-03-02 20:53:34,483 - INFO - AI response: The <a> element is used to create links between web pages, allowing users to easily jump from one webpage to another or access specific information on a website that isn't part of the current page you're looking at. When clicked, it's like taking a step to get to a new location - your browser will take you there!
2026-03-02 20:55:40,662 - INFO - HTTP Request: POST http://127.0.0.1:11434/api/generate "HTTP/1.1 200 OK"
2026-03-02 20:55:40,664 - INFO - AI response: This is a group of options that can be chosen from, like a menu where you pick what you want. It's a way to let the computer know which one of these many things you're interested in, and it will show you the right information when you visit a website that has this kind of list.
2026-03-02 20:58:24,840 - INFO - HTTP Request: POST http://127.0.0.1:11434/api/generate "HTTP/1.1 200 OK"
2026-03-02 20:58:24,841 - INFO - AI response: The `<span>` element is a container that holds small pieces of text, like individual words or phrases. It's usually used when you want to highlight certain parts of the text without changing its overall meaning, much like how you might underline an important note in a notebook.
2026-03-02 21:03:28,537 - INFO - HTTP Request: POST http://127.0.0.1:11434/api/generate "HTTP/1.1 200 OK"
2026-03-02 21:03:28,537 - INFO - AI response: The `<span>` element with the text 'Cart' is a special container that holds some important information together. It's like a little box where you can place words or phrases to help convey your message, such as telling someone what they need to do next.
2026-03-02 21:06:30,983 - INFO - HTTP Request: POST http://127.0.0.1:11434/api/generate "HTTP/1.1 200 OK"
2026-03-02 21:06:30,984 - INFO - AI response: The `<a>` element is used to create links, which are like directions that take us to another place on the internet. When you click on a link, it can transport you to a specific website, allowing you to explore new information and resources!
2026-03-03 15:30:52,076 - INFO - HTTP Request: POST http://127.0.0.1:11434/api/generate "HTTP/1.1 200 OK"
2026-03-03 15:30:52,082 - INFO - AI response: The `<span>` element is like a small box where you can write or display some words or pictures. It's often used to add special information, like notes or explanations, that aren't meant to be displayed on their own but rather are part of the overall content.
2026-03-03 15:47:17,986 - INFO - HTTP Request: POST http://127.0.0.1:11434/api/generate "HTTP/1.1 200 OK"
2026-03-03 15:47:17,993 - INFO - AI response: The `<span>` element is like a special container that holds some information, usually just a few words or phrases. When you put some descriptive text inside it, people can easily read and understand what's being said, which makes it helpful for communication and writing.
2026-03-23 16:04:24,600 - INFO - User is asking about: a (ID: no-id)
2026-03-23 16:04:24,601 - INFO - Time required for this response: 0.005666001015924849 seconds
2026-03-23 16:04:24,601 - INFO - AI response: This is a link.
2026-03-23 16:04:27,008 - INFO - User is asking about: span (ID: no-id)
2026-03-23 16:04:27,008 - INFO - Time required for this response: 0.006930000381544232 seconds
2026-03-23 16:04:27,009 - INFO - AI response: This is a small piece of text.
2026-03-23 16:04:29,198 - INFO - User is asking about: span (ID: no-id)
2026-03-23 16:04:29,198 - INFO - Time required for this response: 0.004306000846554525 seconds
2026-03-23 16:04:29,198 - INFO - AI response: This is a small piece of text.
2026-03-23 16:04:31,888 - INFO - User is asking about: input (ID: nav-search-submit-button)
2026-03-23 16:04:31,888 - INFO - Time required for this response: 0.002929000402218662 seconds
2026-03-23 16:04:31,889 - INFO - AI response: This is a box.
2026-03-23 16:04:33,704 - INFO - User is asking about: a (ID: nav-logo-sprites)
2026-03-23 16:04:33,704 - INFO - Time required for this response: 0.003869001375278458 seconds
2026-03-23 16:04:33,704 - INFO - AI response: This is a link.
2026-03-23 16:04:42,583 - INFO - User is asking about: img (ID: no-id)
2026-03-23 16:04:42,584 - INFO - Time required for this response: 0.0033079995773732662 seconds
2026-03-23 16:04:42,584 - INFO - AI response: This is a picture or an image.
2026-03-23 16:04:45,074 - INFO - User is asking about: img (ID: no-id)
2026-03-23 16:04:45,075 - INFO - Time required for this response: 0.003916000423487276 seconds
2026-03-23 16:04:45,075 - INFO - AI response: This is a picture or an image.
2026-03-23 16:04:47,542 - INFO - User is asking about: span (ID: no-id)
2026-03-23 16:04:47,543 - INFO - Time required for this response: 0.003797998942900449 seconds
2026-03-23 16:04:47,543 - INFO - AI response: This is a small piece of text.
2026-03-23 16:04:51,340 - INFO - User is asking about: i (ID: no-id)
2026-03-23 16:04:51,341 - INFO - Time required for this response: 0.002475999281159602 seconds
2026-03-23 16:04:51,341 - INFO - AI response: This is an element.
2026-03-23 16:05:00,846 - INFO - User is asking about: span (ID: no-id)
2026-03-23 16:05:00,847 - INFO - Time required for this response: 0.0038569996831938624 seconds
2026-03-23 16:05:00,847 - INFO - AI response: This is a small piece of text.
